[     185ms] [INFO] %cDownload the React DevTools for a better development experience: https://react.dev/link/react-devtools font-weight:bold @ http://localhost:3001/_next/static/chunks/e3799_next_dist_b9c56501._.js:2297
[     283ms] [LOG] [HMR] connected @ http://localhost:3001/_next/static/chunks/e3799_next_dist_b9c56501._.js:2297
[   63685ms] [LOG] [Fast Refresh] rebuilding @ http://localhost:3001/_next/static/chunks/e3799_next_dist_b9c56501._.js:2297
[   64840ms] [LOG] [Fast Refresh] done in 1256ms @ http://localhost:3001/_next/static/chunks/e3799_next_dist_b9c56501._.js:2297
[   65048ms] [LOG] [Fast Refresh] rebuilding @ http://localhost:3001/_next/static/chunks/e3799_next_dist_b9c56501._.js:2297
[   65569ms] [LOG] [Fast Refresh] done in 622ms @ http://localhost:3001/_next/static/chunks/e3799_next_dist_b9c56501._.js:2297
[   65671ms] [LOG] [Fast Refresh] rebuilding @ http://localhost:3001/_next/static/chunks/e3799_next_dist_b9c56501._.js:2297
[   66064ms] [LOG] [Fast Refresh] done in 495ms @ http://localhost:3001/_next/static/chunks/e3799_next_dist_b9c56501._.js:2297
[   66166ms] [LOG] [Fast Refresh] rebuilding @ http://localhost:3001/_next/static/chunks/e3799_next_dist_b9c56501._.js:2297
[   66561ms] [LOG] [Fast Refresh] done in 497ms @ http://localhost:3001/_next/static/chunks/e3799_next_dist_b9c56501._.js:2297
[   66662ms] [LOG] [Fast Refresh] rebuilding @ http://localhost:3001/_next/static/chunks/e3799_next_dist_b9c56501._.js:2297
[   67029ms] [LOG] [Fast Refresh] done in 467ms @ http://localhost:3001/_next/static/chunks/e3799_next_dist_b9c56501._.js:2297
[   67130ms] [LOG] [Fast Refresh] rebuilding @ http://localhost:3001/_next/static/chunks/e3799_next_dist_b9c56501._.js:2297
[   67293ms] [LOG] [Fast Refresh] done in 264ms @ http://localhost:3001/_next/static/chunks/e3799_next_dist_b9c56501._.js:2297
[   67395ms] [LOG] [Fast Refresh] rebuilding @ http://localhost:3001/_next/static/chunks/e3799_next_dist_b9c56501._.js:2297
[   67525ms] [LOG] [Fast Refresh] done in 232ms @ http://localhost:3001/_next/static/chunks/e3799_next_dist_b9c56501._.js:2297
[   67674ms] [LOG] [Fast Refresh] rebuilding @ http://localhost:3001/_next/static/chunks/e3799_next_dist_b9c56501._.js:2297
[   67837ms] [LOG] [Fast Refresh] done in 264ms @ http://localhost:3001/_next/static/chunks/e3799_next_dist_b9c56501._.js:2297
[   67987ms] [LOG] [Fast Refresh] rebuilding @ http://localhost:3001/_next/static/chunks/e3799_next_dist_b9c56501._.js:2297
[   68077ms] [LOG] [Fast Refresh] done in 190ms @ http://localhost:3001/_next/static/chunks/e3799_next_dist_b9c56501._.js:2297
[   71511ms] [LOG] [Fast Refresh] rebuilding @ http://localhost:3001/_next/static/chunks/e3799_next_dist_b9c56501._.js:2297
[   71734ms] [LOG] [Fast Refresh] done in 324ms @ http://localhost:3001/_next/static/chunks/e3799_next_dist_b9c56501._.js:2297
[   86798ms] [LOG] [Fast Refresh] rebuilding @ http://localhost:3001/_next/static/chunks/e3799_next_dist_b9c56501._.js:2297
[   87400ms] [LOG] [Fast Refresh] done in 703ms @ http://localhost:3001/_next/static/chunks/e3799_next_dist_b9c56501._.js:2297
[   87502ms] [LOG] [Fast Refresh] rebuilding @ http://localhost:3001/_next/static/chunks/e3799_next_dist_b9c56501._.js:2297
[   87648ms] [LOG] [Fast Refresh] done in 248ms @ http://localhost:3001/_next/static/chunks/e3799_next_dist_b9c56501._.js:2297
[  105119ms] [LOG] [Fast Refresh] rebuilding @ http://localhost:3001/_next/static/chunks/e3799_next_dist_b9c56501._.js:2297
[  105287ms] [LOG] [Fast Refresh] done in 268ms @ http://localhost:3001/_next/static/chunks/e3799_next_dist_b9c56501._.js:2297
[  105436ms] [LOG] [Fast Refresh] rebuilding @ http://localhost:3001/_next/static/chunks/e3799_next_dist_b9c56501._.js:2297
[  105610ms] [LOG] [Fast Refresh] done in 276ms @ http://localhost:3001/_next/static/chunks/e3799_next_dist_b9c56501._.js:2297
[  134075ms] [ERROR] WebSocket connection to 'ws://localhost:3001/_next/webpack-hmr?id=e5mKf-Lo6a7l3wwPaI2q0' failed: Error in connection establishment: net::ERR_CONNECTION_REFUSED @ http://localhost:3001/_next/static/chunks/e3799_next_dist_client_38eeeae4._.js:10878
[  135077ms] [ERROR] WebSocket connection to 'ws://localhost:3001/_next/webpack-hmr?id=e5mKf-Lo6a7l3wwPaI2q0' failed: Error in connection establishment: net::ERR_CONNECTION_REFUSED @ http://localhost:3001/_next/static/chunks/e3799_next_dist_client_38eeeae4._.js:10878
[  136079ms] [ERROR] WebSocket connection to 'ws://localhost:3001/_next/webpack-hmr?id=e5mKf-Lo6a7l3wwPaI2q0' failed: Error in connection establishment: net::ERR_CONNECTION_REFUSED @ http://localhost:3001/_next/static/chunks/e3799_next_dist_client_38eeeae4._.js:10878
[  137082ms] [ERROR] WebSocket connection to 'ws://localhost:3001/_next/webpack-hmr?id=e5mKf-Lo6a7l3wwPaI2q0' failed: Error in connection establishment: net::ERR_CONNECTION_REFUSED @ http://localhost:3001/_next/static/chunks/e3799_next_dist_client_38eeeae4._.js:10878
[  138083ms] [ERROR] WebSocket connection to 'ws://localhost:3001/_next/webpack-hmr?id=e5mKf-Lo6a7l3wwPaI2q0' failed: Error in connection establishment: net::ERR_CONNECTION_REFUSED @ http://localhost:3001/_next/static/chunks/e3799_next_dist_client_38eeeae4._.js:10878
[  143086ms] [ERROR] WebSocket connection to 'ws://localhost:3001/_next/webpack-hmr?id=e5mKf-Lo6a7l3wwPaI2q0' failed: Error in connection establishment: net::ERR_CONNECTION_REFUSED @ http://localhost:3001/_next/static/chunks/e3799_next_dist_client_38eeeae4._.js:10878
[  148088ms] [ERROR] WebSocket connection to 'ws://localhost:3001/_next/webpack-hmr?id=e5mKf-Lo6a7l3wwPaI2q0' failed: Error in connection establishment: net::ERR_CONNECTION_REFUSED @ http://localhost:3001/_next/static/chunks/e3799_next_dist_client_38eeeae4._.js:10878
[  153091ms] [ERROR] WebSocket connection to 'ws://localhost:3001/_next/webpack-hmr?id=e5mKf-Lo6a7l3wwPaI2q0' failed: Error in connection establishment: net::ERR_CONNECTION_REFUSED @ http://localhost:3001/_next/static/chunks/e3799_next_dist_client_38eeeae4._.js:10878
[  158095ms] [LOG] [HMR] connected @ http://localhost:3001/_next/static/chunks/e3799_next_dist_b9c56501._.js:2297
[  161235ms] [INFO] %cDownload the React DevTools for a better development experience: https://react.dev/link/react-devtools font-weight:bold @ http://localhost:3001/_next/static/chunks/e3799_next_dist_b9c56501._.js:2297
[  161282ms] [LOG] [HMR] connected @ http://localhost:3001/_next/static/chunks/e3799_next_dist_b9c56501._.js:2297
[  172760ms] [LOG] [Fast Refresh] rebuilding @ http://localhost:3001/_next/static/chunks/e3799_next_dist_b9c56501._.js:2297
[  172780ms] [LOG] [Fast Refresh] done in 120ms @ http://localhost:3001/_next/static/chunks/e3799_next_dist_b9c56501._.js:2297
[  173066ms] [LOG] [Fast Refresh] rebuilding @ http://localhost:3001/_next/static/chunks/e3799_next_dist_b9c56501._.js:2297
[  173075ms] [LOG] [Fast Refresh] done in 110ms @ http://localhost:3001/_next/static/chunks/e3799_next_dist_b9c56501._.js:2297
[  177699ms] [LOG] [Fast Refresh] rebuilding @ http://localhost:3001/_next/static/chunks/e3799_next_dist_b9c56501._.js:2297
[  178234ms] [LOG] [Fast Refresh] done in 635ms @ http://localhost:3001/_next/static/chunks/e3799_next_dist_b9c56501._.js:2297
[  178335ms] [LOG] [Fast Refresh] rebuilding @ http://localhost:3001/_next/static/chunks/e3799_next_dist_b9c56501._.js:2297
[  178390ms] [LOG] [Fast Refresh] done in 156ms @ http://localhost:3001/_next/static/chunks/e3799_next_dist_b9c56501._.js:2297
[  196134ms] [LOG] [Fast Refresh] rebuilding @ http://localhost:3001/_next/static/chunks/e3799_next_dist_b9c56501._.js:2297
[  196616ms] [LOG] [Fast Refresh] done in 584ms @ http://localhost:3001/_next/static/chunks/e3799_next_dist_b9c56501._.js:2297
[  198040ms] [LOG] [Fast Refresh] rebuilding @ http://localhost:3001/_next/static/chunks/e3799_next_dist_b9c56501._.js:2297
[  198069ms] [LOG] [Fast Refresh] done in 129ms @ http://localhost:3001/_next/static/chunks/e3799_next_dist_b9c56501._.js:2297
[  198463ms] [LOG] [Fast Refresh] rebuilding @ http://localhost:3001/_next/static/chunks/e3799_next_dist_b9c56501._.js:2297
[  198483ms] [LOG] [Fast Refresh] done in 122ms @ http://localhost:3001/_next/static/chunks/e3799_next_dist_b9c56501._.js:2297
[  198739ms] [LOG] [Fast Refresh] rebuilding @ http://localhost:3001/_next/static/chunks/e3799_next_dist_b9c56501._.js:2297
[  198755ms] [LOG] [Fast Refresh] done in 118ms @ http://localhost:3001/_next/static/chunks/e3799_next_dist_b9c56501._.js:2297
[  205996ms] [LOG] [Fast Refresh] rebuilding @ http://localhost:3001/_next/static/chunks/e3799_next_dist_b9c56501._.js:2297
[  206180ms] [LOG] [Fast Refresh] done in 285ms @ http://localhost:3001/_next/static/chunks/e3799_next_dist_b9c56501._.js:2297
[  227759ms] [LOG] [Fast Refresh] rebuilding @ http://localhost:3001/_next/static/chunks/e3799_next_dist_b9c56501._.js:2297
[  228176ms] [LOG] [Fast Refresh] done in 518ms @ http://localhost:3001/_next/static/chunks/e3799_next_dist_b9c56501._.js:2297
[  231251ms] [LOG] [Fast Refresh] rebuilding @ http://localhost:3001/_next/static/chunks/e3799_next_dist_b9c56501._.js:2297
[  231277ms] [LOG] [Fast Refresh] done in 126ms @ http://localhost:3001/_next/static/chunks/e3799_next_dist_b9c56501._.js:2297
[  232212ms] [LOG] [Fast Refresh] rebuilding @ http://localhost:3001/_next/static/chunks/e3799_next_dist_b9c56501._.js:2297
[  232237ms] [LOG] [Fast Refresh] done in 126ms @ http://localhost:3001/_next/static/chunks/e3799_next_dist_b9c56501._.js:2297
[  232523ms] [LOG] [Fast Refresh] rebuilding @ http://localhost:3001/_next/static/chunks/e3799_next_dist_b9c56501._.js:2297
[  232537ms] [LOG] [Fast Refresh] done in 115ms @ http://localhost:3001/_next/static/chunks/e3799_next_dist_b9c56501._.js:2297
[  248655ms] [LOG] [Fast Refresh] rebuilding @ http://localhost:3001/_next/static/chunks/e3799_next_dist_b9c56501._.js:2297
[  248850ms] [LOG] [Fast Refresh] done in 295ms @ http://localhost:3001/_next/static/chunks/e3799_next_dist_b9c56501._.js:2297
[  603110ms] [LOG] [Fast Refresh] rebuilding @ http://localhost:3001/_next/static/chunks/e3799_next_dist_b9c56501._.js:2297
[  603347ms] [LOG] [Fast Refresh] done in 337ms @ http://localhost:3001/_next/static/chunks/e3799_next_dist_b9c56501._.js:2297
[ 1565446ms] [LOG] [Fast Refresh] rebuilding @ http://localhost:3001/_next/static/chunks/e3799_next_dist_b9c56501._.js:2297
[ 1565674ms] [LOG] [Fast Refresh] done in 328ms @ http://localhost:3001/_next/static/chunks/e3799_next_dist_b9c56501._.js:2297
[ 2541882ms] [LOG] [Fast Refresh] rebuilding @ http://localhost:3001/_next/static/chunks/e3799_next_dist_b9c56501._.js:2297
[ 2541906ms] [LOG] [Fast Refresh] done in 131ms @ http://localhost:3001/_next/static/chunks/e3799_next_dist_b9c56501._.js:2297
[ 2795630ms] [LOG] [Fast Refresh] rebuilding @ http://localhost:3001/_next/static/chunks/e3799_next_dist_b9c56501._.js:2297
[ 2795903ms] [LOG] [Fast Refresh] done in 375ms @ http://localhost:3001/_next/static/chunks/e3799_next_dist_b9c56501._.js:2297
[ 2802045ms] [LOG] [Fast Refresh] rebuilding @ http://localhost:3001/_next/static/chunks/e3799_next_dist_b9c56501._.js:2297
[ 2802329ms] [LOG] [Fast Refresh] done in 385ms @ http://localhost:3001/_next/static/chunks/e3799_next_dist_b9c56501._.js:2297
[ 2944303ms] [LOG] [Fast Refresh] rebuilding @ http://localhost:3001/_next/static/chunks/e3799_next_dist_b9c56501._.js:2297
[ 2944518ms] [LOG] [Fast Refresh] done in 317ms @ http://localhost:3001/_next/static/chunks/e3799_next_dist_b9c56501._.js:2297
[ 2969915ms] [LOG] [Fast Refresh] rebuilding @ http://localhost:3001/_next/static/chunks/e3799_next_dist_b9c56501._.js:2297
[ 2970192ms] [LOG] [Fast Refresh] done in 376ms @ http://localhost:3001/_next/static/chunks/e3799_next_dist_b9c56501._.js:2297
[ 3920495ms] [LOG] [HMR] connected @ http://localhost:3001/_next/static/chunks/e3799_next_dist_b9c56501._.js:2297
[ 4029425ms] [LOG] [HMR] connected @ http://localhost:3001/_next/static/chunks/e3799_next_dist_b9c56501._.js:2297
[ 4466583ms] [LOG] [Fast Refresh] rebuilding @ http://localhost:3001/_next/static/chunks/e3799_next_dist_b9c56501._.js:2297
[ 4466841ms] [LOG] [Fast Refresh] done in 359ms @ http://localhost:3001/_next/static/chunks/e3799_next_dist_b9c56501._.js:2297
[ 5162804ms] [LOG] [Fast Refresh] rebuilding @ http://localhost:3001/_next/static/chunks/e3799_next_dist_b9c56501._.js:2297
[ 5163173ms] [LOG] [Fast Refresh] done in 471ms @ http://localhost:3001/_next/static/chunks/e3799_next_dist_b9c56501._.js:2297
[ 5163274ms] [LOG] [Fast Refresh] rebuilding @ http://localhost:3001/_next/static/chunks/e3799_next_dist_b9c56501._.js:2297
[ 5163681ms] [LOG] [Fast Refresh] done in 508ms @ http://localhost:3001/_next/static/chunks/e3799_next_dist_b9c56501._.js:2297
[ 5166777ms] [LOG] [Fast Refresh] rebuilding @ http://localhost:3001/_next/static/chunks/e3799_next_dist_b9c56501._.js:2297
[ 5167655ms] [LOG] [Fast Refresh] done in 979ms @ http://localhost:3001/_next/static/chunks/e3799_next_dist_b9c56501._.js:2297
[ 5168635ms] [LOG] [Fast Refresh] rebuilding @ http://localhost:3001/_next/static/chunks/e3799_next_dist_b9c56501._.js:2297
[ 5168904ms] [LOG] [Fast Refresh] done in 370ms @ http://localhost:3001/_next/static/chunks/e3799_next_dist_b9c56501._.js:2297
[ 5169005ms] [LOG] [Fast Refresh] rebuilding @ http://localhost:3001/_next/static/chunks/e3799_next_dist_b9c56501._.js:2297
[ 5169510ms] [LOG] [Fast Refresh] done in 606ms @ http://localhost:3001/_next/static/chunks/e3799_next_dist_b9c56501._.js:2297
[ 5170284ms] [LOG] [Fast Refresh] rebuilding @ http://localhost:3001/_next/static/chunks/e3799_next_dist_b9c56501._.js:2297
[ 5170559ms] [LOG] [Fast Refresh] done in 376ms @ http://localhost:3001/_next/static/chunks/e3799_next_dist_b9c56501._.js:2297
[ 5172705ms] [LOG] [Fast Refresh] rebuilding @ http://localhost:3001/_next/static/chunks/e3799_next_dist_b9c56501._.js:2297
[ 5173098ms] [LOG] [Fast Refresh] done in 494ms @ http://localhost:3001/_next/static/chunks/e3799_next_dist_b9c56501._.js:2297
[ 5173199ms] [LOG] [Fast Refresh] rebuilding @ http://localhost:3001/_next/static/chunks/e3799_next_dist_b9c56501._.js:2297
[ 5174143ms] [LOG] [Fast Refresh] done in 1045ms @ http://localhost:3001/_next/static/chunks/e3799_next_dist_b9c56501._.js:2297
[ 5175303ms] [LOG] [Fast Refresh] rebuilding @ http://localhost:3001/_next/static/chunks/e3799_next_dist_b9c56501._.js:2297
[ 5175532ms] [LOG] [Fast Refresh] done in 331ms @ http://localhost:3001/_next/static/chunks/e3799_next_dist_b9c56501._.js:2297
[ 5175633ms] [LOG] [Fast Refresh] rebuilding @ http://localhost:3001/_next/static/chunks/e3799_next_dist_b9c56501._.js:2297
[ 5176257ms] [LOG] [Fast Refresh] done in 725ms @ http://localhost:3001/_next/static/chunks/e3799_next_dist_b9c56501._.js:2297
[ 5176358ms] [LOG] [Fast Refresh] rebuilding @ http://localhost:3001/_next/static/chunks/e3799_next_dist_b9c56501._.js:2297
[ 5177257ms] [LOG] [Fast Refresh] done in 999ms @ http://localhost:3001/_next/static/chunks/e3799_next_dist_b9c56501._.js:2297
[ 5177358ms] [LOG] [Fast Refresh] rebuilding @ http://localhost:3001/_next/static/chunks/e3799_next_dist_b9c56501._.js:2297
[ 5177988ms] [LOG] [Fast Refresh] done in 730ms @ http://localhost:3001/_next/static/chunks/e3799_next_dist_b9c56501._.js:2297
[ 5178090ms] [LOG] [Fast Refresh] rebuilding @ http://localhost:3001/_next/static/chunks/e3799_next_dist_b9c56501._.js:2297
[ 5178285ms] [LOG] [Fast Refresh] done in 296ms @ http://localhost:3001/_next/static/chunks/e3799_next_dist_b9c56501._.js:2297
[ 5178386ms] [LOG] [Fast Refresh] rebuilding @ http://localhost:3001/_next/static/chunks/e3799_next_dist_b9c56501._.js:2297
[ 5178630ms] [LOG] [Fast Refresh] done in 344ms @ http://localhost:3001/_next/static/chunks/e3799_next_dist_b9c56501._.js:2297
[ 5178730ms] [LOG] [Fast Refresh] rebuilding @ http://localhost:3001/_next/static/chunks/e3799_next_dist_b9c56501._.js:2297
[ 5178922ms] [LOG] [Fast Refresh] done in 292ms @ http://localhost:3001/_next/static/chunks/e3799_next_dist_b9c56501._.js:2297
[ 5179023ms] [LOG] [Fast Refresh] rebuilding @ http://localhost:3001/_next/static/chunks/e3799_next_dist_b9c56501._.js:2297
[ 5179187ms] [LOG] [Fast Refresh] done in 265ms @ http://localhost:3001/_next/static/chunks/e3799_next_dist_b9c56501._.js:2297
[ 5179288ms] [LOG] [Fast Refresh] rebuilding @ http://localhost:3001/_next/static/chunks/e3799_next_dist_b9c56501._.js:2297
[ 5179547ms] [LOG] [Fast Refresh] done in 360ms @ http://localhost:3001/_next/static/chunks/e3799_next_dist_b9c56501._.js:2297
[ 5179649ms] [LOG] [Fast Refresh] rebuilding @ http://localhost:3001/_next/static/chunks/e3799_next_dist_b9c56501._.js:2297
[ 5180220ms] [LOG] [Fast Refresh] done in 672ms @ http://localhost:3001/_next/static/chunks/e3799_next_dist_b9c56501._.js:2297
[ 5180321ms] [LOG] [Fast Refresh] rebuilding @ http://localhost:3001/_next/static/chunks/e3799_next_dist_b9c56501._.js:2297
[ 5180483ms] [LOG] [Fast Refresh] done in 263ms @ http://localhost:3001/_next/static/chunks/e3799_next_dist_b9c56501._.js:2297
[ 5180585ms] [LOG] [Fast Refresh] rebuilding @ http://localhost:3001/_next/static/chunks/e3799_next_dist_b9c56501._.js:2297
[ 5180926ms] [LOG] [Fast Refresh] done in 442ms @ http://localhost:3001/_next/static/chunks/e3799_next_dist_b9c56501._.js:2297
[ 5181027ms] [LOG] [Fast Refresh] rebuilding @ http://localhost:3001/_next/static/chunks/e3799_next_dist_b9c56501._.js:2297
[ 5181226ms] [LOG] [Fast Refresh] done in 300ms @ http://localhost:3001/_next/static/chunks/e3799_next_dist_b9c56501._.js:2297
[ 5181327ms] [LOG] [Fast Refresh] rebuilding @ http://localhost:3001/_next/static/chunks/e3799_next_dist_b9c56501._.js:2297
[ 5181509ms] [LOG] [Fast Refresh] done in 282ms @ http://localhost:3001/_next/static/chunks/e3799_next_dist_b9c56501._.js:2297
[ 5928656ms] [LOG] [Fast Refresh] rebuilding @ http://localhost:3001/_next/static/chunks/e3799_next_dist_b9c56501._.js:2297
[ 5928899ms] [LOG] [Fast Refresh] done in 346ms @ http://localhost:3001/_next/static/chunks/e3799_next_dist_b9c56501._.js:2297
[ 5929000ms] [LOG] [Fast Refresh] rebuilding @ http://localhost:3001/_next/static/chunks/e3799_next_dist_b9c56501._.js:2297
[ 5929264ms] [LOG] [Fast Refresh] done in 364ms @ http://localhost:3001/_next/static/chunks/e3799_next_dist_b9c56501._.js:2297
[ 6383149ms] [LOG] [Fast Refresh] rebuilding @ http://localhost:3001/_next/static/chunks/e3799_next_dist_b9c56501._.js:2297
[ 6383379ms] [LOG] [Fast Refresh] done in 332ms @ http://localhost:3001/_next/static/chunks/e3799_next_dist_b9c56501._.js:2297
[ 6383596ms] [LOG] [Fast Refresh] rebuilding @ http://localhost:3001/_next/static/chunks/e3799_next_dist_b9c56501._.js:2297
[ 6384203ms] [LOG] [Fast Refresh] done in 707ms @ http://localhost:3001/_next/static/chunks/e3799_next_dist_b9c56501._.js:2297
[ 6385442ms] [LOG] [Fast Refresh] rebuilding @ http://localhost:3001/_next/static/chunks/e3799_next_dist_b9c56501._.js:2297
[ 6385767ms] [LOG] [Fast Refresh] done in 426ms @ http://localhost:3001/_next/static/chunks/e3799_next_dist_b9c56501._.js:2297
[ 6385971ms] [LOG] [Fast Refresh] rebuilding @ http://localhost:3001/_next/static/chunks/e3799_next_dist_b9c56501._.js:2297
[ 6386240ms] [LOG] [Fast Refresh] done in 370ms @ http://localhost:3001/_next/static/chunks/e3799_next_dist_b9c56501._.js:2297
[ 6386342ms] [LOG] [Fast Refresh] rebuilding @ http://localhost:3001/_next/static/chunks/e3799_next_dist_b9c56501._.js:2297
[ 6386677ms] [LOG] [Fast Refresh] done in 436ms @ http://localhost:3001/_next/static/chunks/e3799_next_dist_b9c56501._.js:2297
[ 6388467ms] [LOG] [Fast Refresh] rebuilding @ http://localhost:3001/_next/static/chunks/e3799_next_dist_b9c56501._.js:2297
[ 6388844ms] [LOG] [Fast Refresh] done in 479ms @ http://localhost:3001/_next/static/chunks/e3799_next_dist_b9c56501._.js:2297
[ 6388946ms] [LOG] [Fast Refresh] rebuilding @ http://localhost:3001/_next/static/chunks/e3799_next_dist_b9c56501._.js:2297
[ 6389332ms] [LOG] [Fast Refresh] done in 488ms @ http://localhost:3001/_next/static/chunks/e3799_next_dist_b9c56501._.js:2297
[ 6390444ms] [LOG] [Fast Refresh] rebuilding @ http://localhost:3001/_next/static/chunks/e3799_next_dist_b9c56501._.js:2297
[ 6390616ms] [LOG] [Fast Refresh] done in 273ms @ http://localhost:3001/_next/static/chunks/e3799_next_dist_b9c56501._.js:2297
[ 6390717ms] [LOG] [Fast Refresh] rebuilding @ http://localhost:3001/_next/static/chunks/e3799_next_dist_b9c56501._.js:2297
[ 6390741ms] [LOG] [Fast Refresh] done in 125ms @ http://localhost:3001/_next/static/chunks/e3799_next_dist_b9c56501._.js:2297
[ 6390842ms] [LOG] [Fast Refresh] rebuilding @ http://localhost:3001/_next/static/chunks/e3799_next_dist_b9c56501._.js:2297
[ 6390936ms] [LOG] [Fast Refresh] done in 194ms @ http://localhost:3001/_next/static/chunks/e3799_next_dist_b9c56501._.js:2297
[ 6391037ms] [LOG] [Fast Refresh] rebuilding @ http://localhost:3001/_next/static/chunks/e3799_next_dist_b9c56501._.js:2297
[ 6391049ms] [LOG] [Fast Refresh] done in 112ms @ http://localhost:3001/_next/static/chunks/e3799_next_dist_b9c56501._.js:2297
[ 6391150ms] [LOG] [Fast Refresh] rebuilding @ http://localhost:3001/_next/static/chunks/e3799_next_dist_b9c56501._.js:2297
[ 6391188ms] [LOG] [Fast Refresh] done in 138ms @ http://localhost:3001/_next/static/chunks/e3799_next_dist_b9c56501._.js:2297
[ 6391288ms] [LOG] [Fast Refresh] rebuilding @ http://localhost:3001/_next/static/chunks/e3799_next_dist_b9c56501._.js:2297
[ 6391332ms] [LOG] [Fast Refresh] done in 145ms @ http://localhost:3001/_next/static/chunks/e3799_next_dist_b9c56501._.js:2297
[ 6391871ms] [LOG] [Fast Refresh] rebuilding @ http://localhost:3001/_next/static/chunks/e3799_next_dist_b9c56501._.js:2297
[ 6391966ms] [LOG] [Fast Refresh] done in 196ms @ http://localhost:3001/_next/static/chunks/e3799_next_dist_b9c56501._.js:2297
[ 6393003ms] [LOG] [Fast Refresh] rebuilding @ http://localhost:3001/_next/static/chunks/e3799_next_dist_b9c56501._.js:2297
[ 6393263ms] [LOG] [Fast Refresh] done in 361ms @ http://localhost:3001/_next/static/chunks/e3799_next_dist_b9c56501._.js:2297
[ 6393449ms] [LOG] [Fast Refresh] rebuilding @ http://localhost:3001/_next/static/chunks/e3799_next_dist_b9c56501._.js:2297
[ 6393759ms] [LOG] [Fast Refresh] done in 411ms @ http://localhost:3001/_next/static/chunks/e3799_next_dist_b9c56501._.js:2297
[ 6393859ms] [LOG] [Fast Refresh] rebuilding @ http://localhost:3001/_next/static/chunks/e3799_next_dist_b9c56501._.js:2297
[ 6393903ms] [LOG] [Fast Refresh] done in 145ms @ http://localhost:3001/_next/static/chunks/e3799_next_dist_b9c56501._.js:2297
[ 6394046ms] [LOG] [Fast Refresh] rebuilding @ http://localhost:3001/_next/static/chunks/e3799_next_dist_b9c56501._.js:2297
[ 6394142ms] [LOG] [Fast Refresh] done in 196ms @ http://localhost:3001/_next/static/chunks/e3799_next_dist_b9c56501._.js:2297
[ 6394242ms] [LOG] [Fast Refresh] rebuilding @ http://localhost:3001/_next/static/chunks/e3799_next_dist_b9c56501._.js:2297
[ 6394532ms] [LOG] [Fast Refresh] done in 389ms @ http://localhost:3001/_next/static/chunks/e3799_next_dist_b9c56501._.js:2297
[ 6394633ms] [LOG] [Fast Refresh] rebuilding @ http://localhost:3001/_next/static/chunks/e3799_next_dist_b9c56501._.js:2297
[ 6394779ms] [LOG] [Fast Refresh] done in 247ms @ http://localhost:3001/_next/static/chunks/e3799_next_dist_b9c56501._.js:2297
[ 6530760ms] [LOG] [Fast Refresh] rebuilding @ http://localhost:3001/_next/static/chunks/e3799_next_dist_b9c56501._.js:2297
[ 6531105ms] [LOG] [Fast Refresh] done in 446ms @ http://localhost:3001/_next/static/chunks/e3799_next_dist_b9c56501._.js:2297
[ 6531206ms] [LOG] [Fast Refresh] rebuilding @ http://localhost:3001/_next/static/chunks/e3799_next_dist_b9c56501._.js:2297
[ 6531510ms] [LOG] [Fast Refresh] done in 405ms @ http://localhost:3001/_next/static/chunks/e3799_next_dist_b9c56501._.js:2297
[ 6531811ms] [LOG] [Fast Refresh] rebuilding @ http://localhost:3001/_next/static/chunks/e3799_next_dist_b9c56501._.js:2297
[ 6532228ms] [LOG] [Fast Refresh] done in 516ms @ http://localhost:3001/_next/static/chunks/e3799_next_dist_b9c56501._.js:2297
[ 6532329ms] [LOG] [Fast Refresh] rebuilding @ http://localhost:3001/_next/static/chunks/e3799_next_dist_b9c56501._.js:2297
[ 6532389ms] [LOG] [Fast Refresh] done in 161ms @ http://localhost:3001/_next/static/chunks/e3799_next_dist_b9c56501._.js:2297
[ 6532490ms] [LOG] [Fast Refresh] rebuilding @ http://localhost:3001/_next/static/chunks/e3799_next_dist_b9c56501._.js:2297
[ 6532505ms] [LOG] [Fast Refresh] done in 115ms @ http://localhost:3001/_next/static/chunks/e3799_next_dist_b9c56501._.js:2297
[ 6532605ms] [LOG] [Fast Refresh] rebuilding @ http://localhost:3001/_next/static/chunks/e3799_next_dist_b9c56501._.js:2297
[ 6532863ms] [LOG] [Fast Refresh] done in 358ms @ http://localhost:3001/_next/static/chunks/e3799_next_dist_b9c56501._.js:2297
[ 6532964ms] [LOG] [Fast Refresh] rebuilding @ http://localhost:3001/_next/static/chunks/e3799_next_dist_b9c56501._.js:2297
[ 6533100ms] [LOG] [Fast Refresh] done in 237ms @ http://localhost:3001/_next/static/chunks/e3799_next_dist_b9c56501._.js:2297
[ 6533202ms] [LOG] [Fast Refresh] rebuilding @ http://localhost:3001/_next/static/chunks/e3799_next_dist_b9c56501._.js:2297
[ 6533827ms] [LOG] [Fast Refresh] done in 727ms @ http://localhost:3001/_next/static/chunks/e3799_next_dist_b9c56501._.js:2297
[ 6533929ms] [LOG] [Fast Refresh] rebuilding @ http://localhost:3001/_next/static/chunks/e3799_next_dist_b9c56501._.js:2297
[ 6534290ms] [LOG] [Fast Refresh] done in 462ms @ http://localhost:3001/_next/static/chunks/e3799_next_dist_b9c56501._.js:2297
[ 6534391ms] [LOG] [Fast Refresh] rebuilding @ http://localhost:3001/_next/static/chunks/e3799_next_dist_b9c56501._.js:2297
[ 6534532ms] [LOG] [Fast Refresh] done in 242ms @ http://localhost:3001/_next/static/chunks/e3799_next_dist_b9c56501._.js:2297
[ 6534697ms] [LOG] [Fast Refresh] rebuilding @ http://localhost:3001/_next/static/chunks/e3799_next_dist_b9c56501._.js:2297
[ 6534756ms] [LOG] [Fast Refresh] done in 161ms @ http://localhost:3001/_next/static/chunks/e3799_next_dist_b9c56501._.js:2297
[ 6534858ms] [LOG] [Fast Refresh] rebuilding @ http://localhost:3001/_next/static/chunks/e3799_next_dist_b9c56501._.js:2297
[ 6534929ms] [LOG] [Fast Refresh] done in 172ms @ http://localhost:3001/_next/static/chunks/e3799_next_dist_b9c56501._.js:2297
[ 6535031ms] [LOG] [Fast Refresh] rebuilding @ http://localhost:3001/_next/static/chunks/e3799_next_dist_b9c56501._.js:2297
[ 6535139ms] [LOG] [Fast Refresh] done in 209ms @ http://localhost:3001/_next/static/chunks/e3799_next_dist_b9c56501._.js:2297
[ 6535241ms] [LOG] [Fast Refresh] rebuilding @ http://localhost:3001/_next/static/chunks/e3799_next_dist_b9c56501._.js:2297
[ 6535252ms] [LOG] [Fast Refresh] done in 113ms @ http://localhost:3001/_next/static/chunks/e3799_next_dist_b9c56501._.js:2297
[ 6535354ms] [LOG] [Fast Refresh] rebuilding @ http://localhost:3001/_next/static/chunks/e3799_next_dist_b9c56501._.js:2297
[ 6535644ms] [LOG] [Fast Refresh] done in 392ms @ http://localhost:3001/_next/static/chunks/e3799_next_dist_b9c56501._.js:2297
[ 6535745ms] [LOG] [Fast Refresh] rebuilding @ http://localhost:3001/_next/static/chunks/e3799_next_dist_b9c56501._.js:2297
[ 6536174ms] [LOG] [Fast Refresh] done in 529ms @ http://localhost:3001/_next/static/chunks/e3799_next_dist_b9c56501._.js:2297
[ 6536275ms] [LOG] [Fast Refresh] rebuilding @ http://localhost:3001/_next/static/chunks/e3799_next_dist_b9c56501._.js:2297
[ 6536705ms] [LOG] [Fast Refresh] done in 530ms @ http://localhost:3001/_next/static/chunks/e3799_next_dist_b9c56501._.js:2297
[ 6536807ms] [LOG] [Fast Refresh] rebuilding @ http://localhost:3001/_next/static/chunks/e3799_next_dist_b9c56501._.js:2297
[ 6537276ms] [LOG] [Fast Refresh] done in 569ms @ http://localhost:3001/_next/static/chunks/e3799_next_dist_b9c56501._.js:2297
[ 6537377ms] [LOG] [Fast Refresh] rebuilding @ http://localhost:3001/_next/static/chunks/e3799_next_dist_b9c56501._.js:2297
[ 6537764ms] [LOG] [Fast Refresh] done in 488ms @ http://localhost:3001/_next/static/chunks/e3799_next_dist_b9c56501._.js:2297
[ 6537865ms] [LOG] [Fast Refresh] rebuilding @ http://localhost:3001/_next/static/chunks/e3799_next_dist_b9c56501._.js:2297
[ 6538008ms] [LOG] [Fast Refresh] done in 245ms @ http://localhost:3001/_next/static/chunks/e3799_next_dist_b9c56501._.js:2297
[ 6538109ms] [LOG] [Fast Refresh] rebuilding @ http://localhost:3001/_next/static/chunks/e3799_next_dist_b9c56501._.js:2297
[ 6538641ms] [LOG] [Fast Refresh] done in 633ms @ http://localhost:3001/_next/static/chunks/e3799_next_dist_b9c56501._.js:2297
[ 6538742ms] [LOG] [Fast Refresh] rebuilding @ http://localhost:3001/_next/static/chunks/e3799_next_dist_b9c56501._.js:2297
[ 6539116ms] [LOG] [Fast Refresh] done in 474ms @ http://localhost:3001/_next/static/chunks/e3799_next_dist_b9c56501._.js:2297
[ 6539240ms] [LOG] [Fast Refresh] rebuilding @ http://localhost:3001/_next/static/chunks/e3799_next_dist_b9c56501._.js:2297
[ 6539765ms] [LOG] [Fast Refresh] done in 626ms @ http://localhost:3001/_next/static/chunks/e3799_next_dist_b9c56501._.js:2297
[ 6539866ms] [LOG] [Fast Refresh] rebuilding @ http://localhost:3001/_next/static/chunks/e3799_next_dist_b9c56501._.js:2297
[ 6540229ms] [LOG] [Fast Refresh] done in 464ms @ http://localhost:3001/_next/static/chunks/e3799_next_dist_b9c56501._.js:2297
[ 6540331ms] [LOG] [Fast Refresh] rebuilding @ http://localhost:3001/_next/static/chunks/e3799_next_dist_b9c56501._.js:2297
[ 6540791ms] [LOG] [Fast Refresh] done in 562ms @ http://localhost:3001/_next/static/chunks/e3799_next_dist_b9c56501._.js:2297
[ 6541137ms] [LOG] [Fast Refresh] rebuilding @ http://localhost:3001/_next/static/chunks/e3799_next_dist_b9c56501._.js:2297
[ 6541638ms] [LOG] [Fast Refresh] done in 603ms @ http://localhost:3001/_next/static/chunks/e3799_next_dist_b9c56501._.js:2297
[ 6541739ms] [LOG] [Fast Refresh] rebuilding @ http://localhost:3001/_next/static/chunks/e3799_next_dist_b9c56501._.js:2297
[ 6542170ms] [LOG] [Fast Refresh] done in 531ms @ http://localhost:3001/_next/static/chunks/e3799_next_dist_b9c56501._.js:2297
[ 6543226ms] [LOG] [Fast Refresh] rebuilding @ http://localhost:3001/_next/static/chunks/e3799_next_dist_b9c56501._.js:2297
[ 6543563ms] [LOG] [Fast Refresh] done in 437ms @ http://localhost:3001/_next/static/chunks/e3799_next_dist_b9c56501._.js:2297
[ 6543664ms] [LOG] [Fast Refresh] rebuilding @ http://localhost:3001/_next/static/chunks/e3799_next_dist_b9c56501._.js:2297
[ 6543715ms] [LOG] [Fast Refresh] done in 153ms @ http://localhost:3001/_next/static/chunks/e3799_next_dist_b9c56501._.js:2297
[ 6543816ms] [LOG] [Fast Refresh] rebuilding @ http://localhost:3001/_next/static/chunks/e3799_next_dist_b9c56501._.js:2297
[ 6543887ms] [LOG] [Fast Refresh] done in 172ms @ http://localhost:3001/_next/static/chunks/e3799_next_dist_b9c56501._.js:2297
[ 6543988ms] [LOG] [Fast Refresh] rebuilding @ http://localhost:3001/_next/static/chunks/e3799_next_dist_b9c56501._.js:2297
[ 6544030ms] [LOG] [Fast Refresh] done in 143ms @ http://localhost:3001/_next/static/chunks/e3799_next_dist_b9c56501._.js:2297
[ 6544131ms] [LOG] [Fast Refresh] rebuilding @ http://localhost:3001/_next/static/chunks/e3799_next_dist_b9c56501._.js:2297
[ 6544183ms] [LOG] [Fast Refresh] done in 152ms @ http://localhost:3001/_next/static/chunks/e3799_next_dist_b9c56501._.js:2297
[ 6544284ms] [LOG] [Fast Refresh] rebuilding @ http://localhost:3001/_next/static/chunks/e3799_next_dist_b9c56501._.js:2297
[ 6544335ms] [LOG] [Fast Refresh] done in 152ms @ http://localhost:3001/_next/static/chunks/e3799_next_dist_b9c56501._.js:2297
[ 6544436ms] [LOG] [Fast Refresh] rebuilding @ http://localhost:3001/_next/static/chunks/e3799_next_dist_b9c56501._.js:2297
[ 6544456ms] [LOG] [Fast Refresh] done in 121ms @ http://localhost:3001/_next/static/chunks/e3799_next_dist_b9c56501._.js:2297
[ 6544557ms] [LOG] [Fast Refresh] rebuilding @ http://localhost:3001/_next/static/chunks/e3799_next_dist_b9c56501._.js:2297
[ 6544596ms] [LOG] [Fast Refresh] done in 140ms @ http://localhost:3001/_next/static/chunks/e3799_next_dist_b9c56501._.js:2297
[ 6544696ms] [LOG] [Fast Refresh] rebuilding @ http://localhost:3001/_next/static/chunks/e3799_next_dist_b9c56501._.js:2297
[ 6544765ms] [LOG] [Fast Refresh] done in 168ms @ http://localhost:3001/_next/static/chunks/e3799_next_dist_b9c56501._.js:2297
[ 6544865ms] [LOG] [Fast Refresh] rebuilding @ http://localhost:3001/_next/static/chunks/e3799_next_dist_b9c56501._.js:2297
[ 6544905ms] [LOG] [Fast Refresh] done in 141ms @ http://localhost:3001/_next/static/chunks/e3799_next_dist_b9c56501._.js:2297
[ 6546232ms] [LOG] [Fast Refresh] rebuilding @ http://localhost:3001/_next/static/chunks/e3799_next_dist_b9c56501._.js:2297
[ 6546407ms] [LOG] [Fast Refresh] done in 275ms @ http://localhost:3001/_next/static/chunks/e3799_next_dist_b9c56501._.js:2297
[ 6546508ms] [LOG] [Fast Refresh] rebuilding @ http://localhost:3001/_next/static/chunks/e3799_next_dist_b9c56501._.js:2297
[ 6546559ms] [LOG] [Fast Refresh] done in 151ms @ http://localhost:3001/_next/static/chunks/e3799_next_dist_b9c56501._.js:2297
[ 6547044ms] [LOG] [Fast Refresh] rebuilding @ http://localhost:3001/_next/static/chunks/e3799_next_dist_b9c56501._.js:2297
[ 6547120ms] [LOG] [Fast Refresh] done in 177ms @ http://localhost:3001/_next/static/chunks/e3799_next_dist_b9c56501._.js:2297
[ 6547221ms] [LOG] [Fast Refresh] rebuilding @ http://localhost:3001/_next/static/chunks/e3799_next_dist_b9c56501._.js:2297
[ 6547240ms] [LOG] [Fast Refresh] done in 119ms @ http://localhost:3001/_next/static/chunks/e3799_next_dist_b9c56501._.js:2297
[ 6611308ms] [LOG] [Fast Refresh] rebuilding @ http://localhost:3001/_next/static/chunks/e3799_next_dist_b9c56501._.js:2297
[ 6611683ms] [LOG] [Fast Refresh] done in 477ms @ http://localhost:3001/_next/static/chunks/e3799_next_dist_b9c56501._.js:2297
[ 6611838ms] [LOG] [Fast Refresh] rebuilding @ http://localhost:3001/_next/static/chunks/e3799_next_dist_b9c56501._.js:2297
[ 6612259ms] [LOG] [Fast Refresh] done in 521ms @ http://localhost:3001/_next/static/chunks/e3799_next_dist_b9c56501._.js:2297
[ 6612360ms] [LOG] [Fast Refresh] rebuilding @ http://localhost:3001/_next/static/chunks/e3799_next_dist_b9c56501._.js:2297
[ 6612713ms] [LOG] [Fast Refresh] done in 455ms @ http://localhost:3001/_next/static/chunks/e3799_next_dist_b9c56501._.js:2297
[ 6613206ms] [LOG] [Fast Refresh] rebuilding @ http://localhost:3001/_next/static/chunks/e3799_next_dist_b9c56501._.js:2297
[ 6613945ms] [LOG] [Fast Refresh] done in 841ms @ http://localhost:3001/_next/static/chunks/e3799_next_dist_b9c56501._.js:2297
[ 6614082ms] [LOG] [Fast Refresh] rebuilding @ http://localhost:3001/_next/static/chunks/e3799_next_dist_b9c56501._.js:2297
[ 6614499ms] [LOG] [Fast Refresh] done in 518ms @ http://localhost:3001/_next/static/chunks/e3799_next_dist_b9c56501._.js:2297
[ 6614601ms] [LOG] [Fast Refresh] rebuilding @ http://localhost:3001/_next/static/chunks/e3799_next_dist_b9c56501._.js:2297
[ 6614998ms] [LOG] [Fast Refresh] done in 498ms @ http://localhost:3001/_next/static/chunks/e3799_next_dist_b9c56501._.js:2297
[ 6615099ms] [LOG] [Fast Refresh] rebuilding @ http://localhost:3001/_next/static/chunks/e3799_next_dist_b9c56501._.js:2297
[ 6615358ms] [LOG] [Fast Refresh] done in 361ms @ http://localhost:3001/_next/static/chunks/e3799_next_dist_b9c56501._.js:2297
[ 6615460ms] [LOG] [Fast Refresh] rebuilding @ http://localhost:3001/_next/static/chunks/e3799_next_dist_b9c56501._.js:2297
[ 6615585ms] [LOG] [Fast Refresh] done in 227ms @ http://localhost:3001/_next/static/chunks/e3799_next_dist_b9c56501._.js:2297
[ 6615686ms] [LOG] [Fast Refresh] rebuilding @ http://localhost:3001/_next/static/chunks/e3799_next_dist_b9c56501._.js:2297
[ 6615756ms] [LOG] [Fast Refresh] done in 171ms @ http://localhost:3001/_next/static/chunks/e3799_next_dist_b9c56501._.js:2297
[ 6615857ms] [LOG] [Fast Refresh] rebuilding @ http://localhost:3001/_next/static/chunks/e3799_next_dist_b9c56501._.js:2297
[ 6615881ms] [LOG] [Fast Refresh] done in 125ms @ http://localhost:3001/_next/static/chunks/e3799_next_dist_b9c56501._.js:2297
[ 6615982ms] [LOG] [Fast Refresh] rebuilding @ http://localhost:3001/_next/static/chunks/e3799_next_dist_b9c56501._.js:2297
[ 6616000ms] [LOG] [Fast Refresh] done in 118ms @ http://localhost:3001/_next/static/chunks/e3799_next_dist_b9c56501._.js:2297
[ 6616101ms] [LOG] [Fast Refresh] rebuilding @ http://localhost:3001/_next/static/chunks/e3799_next_dist_b9c56501._.js:2297
[ 6616149ms] [LOG] [Fast Refresh] done in 150ms @ http://localhost:3001/_next/static/chunks/e3799_next_dist_b9c56501._.js:2297
[ 6616251ms] [LOG] [Fast Refresh] rebuilding @ http://localhost:3001/_next/static/chunks/e3799_next_dist_b9c56501._.js:2297
[ 6616882ms] [LOG] [Fast Refresh] done in 733ms @ http://localhost:3001/_next/static/chunks/e3799_next_dist_b9c56501._.js:2297
[ 6616983ms] [LOG] [Fast Refresh] rebuilding @ http://localhost:3001/_next/static/chunks/e3799_next_dist_b9c56501._.js:2297
[ 6617375ms] [LOG] [Fast Refresh] done in 492ms @ http://localhost:3001/_next/static/chunks/e3799_next_dist_b9c56501._.js:2297
[ 6617476ms] [LOG] [Fast Refresh] rebuilding @ http://localhost:3001/_next/static/chunks/e3799_next_dist_b9c56501._.js:2297
[ 6618108ms] [LOG] [Fast Refresh] done in 734ms @ http://localhost:3001/_next/static/chunks/e3799_next_dist_b9c56501._.js:2297
[ 6618209ms] [LOG] [Fast Refresh] rebuilding @ http://localhost:3001/_next/static/chunks/e3799_next_dist_b9c56501._.js:2297
[ 6618618ms] [LOG] [Fast Refresh] done in 509ms @ http://localhost:3001/_next/static/chunks/e3799_next_dist_b9c56501._.js:2297
[ 6618719ms] [LOG] [Fast Refresh] rebuilding @ http://localhost:3001/_next/static/chunks/e3799_next_dist_b9c56501._.js:2297
[ 6618974ms] [LOG] [Fast Refresh] done in 357ms @ http://localhost:3001/_next/static/chunks/e3799_next_dist_b9c56501._.js:2297
[ 6619077ms] [LOG] [Fast Refresh] rebuilding @ http://localhost:3001/_next/static/chunks/e3799_next_dist_b9c56501._.js:2297
[ 6620282ms] [LOG] [Fast Refresh] done in 1306ms @ http://localhost:3001/_next/static/chunks/e3799_next_dist_b9c56501._.js:2297
[ 6620384ms] [LOG] [Fast Refresh] rebuilding @ http://localhost:3001/_next/static/chunks/e3799_next_dist_b9c56501._.js:2297
[ 6620903ms] [LOG] [Fast Refresh] done in 620ms @ http://localhost:3001/_next/static/chunks/e3799_next_dist_b9c56501._.js:2297
[ 6621004ms] [LOG] [Fast Refresh] rebuilding @ http://localhost:3001/_next/static/chunks/e3799_next_dist_b9c56501._.js:2297
[ 6621173ms] [LOG] [Fast Refresh] done in 270ms @ http://localhost:3001/_next/static/chunks/e3799_next_dist_b9c56501._.js:2297
[ 6621274ms] [LOG] [Fast Refresh] rebuilding @ http://localhost:3001/_next/static/chunks/e3799_next_dist_b9c56501._.js:2297
[ 6621319ms] [LOG] [Fast Refresh] done in 145ms @ http://localhost:3001/_next/static/chunks/e3799_next_dist_b9c56501._.js:2297
[ 6621419ms] [LOG] [Fast Refresh] rebuilding @ http://localhost:3001/_next/static/chunks/e3799_next_dist_b9c56501._.js:2297
[ 6621590ms] [LOG] [Fast Refresh] done in 271ms @ http://localhost:3001/_next/static/chunks/e3799_next_dist_b9c56501._.js:2297
[ 6621691ms] [LOG] [Fast Refresh] rebuilding @ http://localhost:3001/_next/static/chunks/e3799_next_dist_b9c56501._.js:2297
[ 6621753ms] [LOG] [Fast Refresh] done in 163ms @ http://localhost:3001/_next/static/chunks/e3799_next_dist_b9c56501._.js:2297
[ 6621854ms] [LOG] [Fast Refresh] rebuilding @ http://localhost:3001/_next/static/chunks/e3799_next_dist_b9c56501._.js:2297
[ 6621856ms] [LOG] [Fast Refresh] done in 103ms @ http://localhost:3001/_next/static/chunks/e3799_next_dist_b9c56501._.js:2297
[ 6621957ms] [LOG] [Fast Refresh] rebuilding @ http://localhost:3001/_next/static/chunks/e3799_next_dist_b9c56501._.js:2297
[ 6622063ms] [LOG] [Fast Refresh] done in 207ms @ http://localhost:3001/_next/static/chunks/e3799_next_dist_b9c56501._.js:2297
[ 6622165ms] [LOG] [Fast Refresh] rebuilding @ http://localhost:3001/_next/static/chunks/e3799_next_dist_b9c56501._.js:2297
[ 6622203ms] [LOG] [Fast Refresh] done in 140ms @ http://localhost:3001/_next/static/chunks/e3799_next_dist_b9c56501._.js:2297
[ 6622304ms] [LOG] [Fast Refresh] rebuilding @ http://localhost:3001/_next/static/chunks/e3799_next_dist_b9c56501._.js:2297
[ 6622312ms] [LOG] [Fast Refresh] done in 108ms @ http://localhost:3001/_next/static/chunks/e3799_next_dist_b9c56501._.js:2297
[ 6622412ms] [LOG] [Fast Refresh] rebuilding @ http://localhost:3001/_next/static/chunks/e3799_next_dist_b9c56501._.js:2297
[ 6622518ms] [LOG] [Fast Refresh] done in 206ms @ http://localhost:3001/_next/static/chunks/e3799_next_dist_b9c56501._.js:2297
[ 6622618ms] [LOG] [Fast Refresh] rebuilding @ http://localhost:3001/_next/static/chunks/e3799_next_dist_b9c56501._.js:2297
[ 6622702ms] [LOG] [Fast Refresh] done in 184ms @ http://localhost:3001/_next/static/chunks/e3799_next_dist_b9c56501._.js:2297
[ 6622803ms] [LOG] [Fast Refresh] rebuilding @ http://localhost:3001/_next/static/chunks/e3799_next_dist_b9c56501._.js:2297
[ 6623027ms] [LOG] [Fast Refresh] done in 324ms @ http://localhost:3001/_next/static/chunks/e3799_next_dist_b9c56501._.js:2297
[ 6623128ms] [LOG] [Fast Refresh] rebuilding @ http://localhost:3001/_next/static/chunks/e3799_next_dist_b9c56501._.js:2297
[ 6623144ms] [LOG] [Fast Refresh] done in 118ms @ http://localhost:3001/_next/static/chunks/e3799_next_dist_b9c56501._.js:2297
[ 6623245ms] [LOG] [Fast Refresh] rebuilding @ http://localhost:3001/_next/static/chunks/e3799_next_dist_b9c56501._.js:2297
[ 6623282ms] [LOG] [Fast Refresh] done in 137ms @ http://localhost:3001/_next/static/chunks/e3799_next_dist_b9c56501._.js:2297
[ 6623383ms] [LOG] [Fast Refresh] rebuilding @ http://localhost:3001/_next/static/chunks/e3799_next_dist_b9c56501._.js:2297
[ 6623390ms] [LOG] [Fast Refresh] done in 108ms @ http://localhost:3001/_next/static/chunks/e3799_next_dist_b9c56501._.js:2297
[ 6623587ms] [LOG] [Fast Refresh] rebuilding @ http://localhost:3001/_next/static/chunks/e3799_next_dist_b9c56501._.js:2297
[ 6623609ms] [LOG] [Fast Refresh] done in 123ms @ http://localhost:3001/_next/static/chunks/e3799_next_dist_b9c56501._.js:2297
[ 6623711ms] [LOG] [Fast Refresh] rebuilding @ http://localhost:3001/_next/static/chunks/e3799_next_dist_b9c56501._.js:2297
[ 6623766ms] [LOG] [Fast Refresh] done in 157ms @ http://localhost:3001/_next/static/chunks/e3799_next_dist_b9c56501._.js:2297
[ 6624595ms] [LOG] [Fast Refresh] rebuilding @ http://localhost:3001/_next/static/chunks/e3799_next_dist_b9c56501._.js:2297
[ 6624709ms] [LOG] [Fast Refresh] done in 215ms @ http://localhost:3001/_next/static/chunks/e3799_next_dist_b9c56501._.js:2297
[ 6624809ms] [LOG] [Fast Refresh] rebuilding @ http://localhost:3001/_next/static/chunks/e3799_next_dist_b9c56501._.js:2297
[ 6624897ms] [LOG] [Fast Refresh] done in 189ms @ http://localhost:3001/_next/static/chunks/e3799_next_dist_b9c56501._.js:2297
[ 6625215ms] [LOG] [Fast Refresh] rebuilding @ http://localhost:3001/_next/static/chunks/e3799_next_dist_b9c56501._.js:2297
[ 6625336ms] [LOG] [Fast Refresh] done in 222ms @ http://localhost:3001/_next/static/chunks/e3799_next_dist_b9c56501._.js:2297
[ 6625436ms] [LOG] [Fast Refresh] rebuilding @ http://localhost:3001/_next/static/chunks/e3799_next_dist_b9c56501._.js:2297
[ 6625523ms] [LOG] [Fast Refresh] done in 188ms @ http://localhost:3001/_next/static/chunks/e3799_next_dist_b9c56501._.js:2297
[ 6625625ms] [LOG] [Fast Refresh] rebuilding @ http://localhost:3001/_next/static/chunks/e3799_next_dist_b9c56501._.js:2297
[ 6625701ms] [LOG] [Fast Refresh] done in 178ms @ http://localhost:3001/_next/static/chunks/e3799_next_dist_b9c56501._.js:2297
[ 6625802ms] [LOG] [Fast Refresh] rebuilding @ http://localhost:3001/_next/static/chunks/e3799_next_dist_b9c56501._.js:2297
[ 6625873ms] [LOG] [Fast Refresh] done in 172ms @ http://localhost:3001/_next/static/chunks/e3799_next_dist_b9c56501._.js:2297
[ 6625975ms] [LOG] [Fast Refresh] rebuilding @ http://localhost:3001/_next/static/chunks/e3799_next_dist_b9c56501._.js:2297
[ 6626306ms] [LOG] [Fast Refresh] done in 432ms @ http://localhost:3001/_next/static/chunks/e3799_next_dist_b9c56501._.js:2297
[ 6626407ms] [LOG] [Fast Refresh] rebuilding @ http://localhost:3001/_next/static/chunks/e3799_next_dist_b9c56501._.js:2297
[ 6626601ms] [LOG] [Fast Refresh] done in 295ms @ http://localhost:3001/_next/static/chunks/e3799_next_dist_b9c56501._.js:2297
[ 6626702ms] [LOG] [Fast Refresh] rebuilding @ http://localhost:3001/_next/static/chunks/e3799_next_dist_b9c56501._.js:2297
[ 6626877ms] [LOG] [Fast Refresh] done in 275ms @ http://localhost:3001/_next/static/chunks/e3799_next_dist_b9c56501._.js:2297
[ 6626977ms] [LOG] [Fast Refresh] rebuilding @ http://localhost:3001/_next/static/chunks/e3799_next_dist_b9c56501._.js:2297
[ 6627114ms] [LOG] [Fast Refresh] done in 238ms @ http://localhost:3001/_next/static/chunks/e3799_next_dist_b9c56501._.js:2297
[ 6627215ms] [LOG] [Fast Refresh] rebuilding @ http://localhost:3001/_next/static/chunks/e3799_next_dist_b9c56501._.js:2297
[ 6627552ms] [LOG] [Fast Refresh] done in 438ms @ http://localhost:3001/_next/static/chunks/e3799_next_dist_b9c56501._.js:2297
[ 6627653ms] [LOG] [Fast Refresh] rebuilding @ http://localhost:3001/_next/static/chunks/e3799_next_dist_b9c56501._.js:2297
[ 6627906ms] [LOG] [Fast Refresh] done in 353ms @ http://localhost:3001/_next/static/chunks/e3799_next_dist_b9c56501._.js:2297
[ 6628008ms] [LOG] [Fast Refresh] rebuilding @ http://localhost:3001/_next/static/chunks/e3799_next_dist_b9c56501._.js:2297
[ 6628159ms] [LOG] [Fast Refresh] done in 252ms @ http://localhost:3001/_next/static/chunks/e3799_next_dist_b9c56501._.js:2297
[ 6628260ms] [LOG] [Fast Refresh] rebuilding @ http://localhost:3001/_next/static/chunks/e3799_next_dist_b9c56501._.js:2297
[ 6628371ms] [LOG] [Fast Refresh] done in 212ms @ http://localhost:3001/_next/static/chunks/e3799_next_dist_b9c56501._.js:2297
[ 6628934ms] [LOG] [Fast Refresh] rebuilding @ http://localhost:3001/_next/static/chunks/e3799_next_dist_b9c56501._.js:2297
[ 6629072ms] [LOG] [Fast Refresh] done in 241ms @ http://localhost:3001/_next/static/chunks/e3799_next_dist_b9c56501._.js:2297
[ 6629174ms] [LOG] [Fast Refresh] rebuilding @ http://localhost:3001/_next/static/chunks/e3799_next_dist_b9c56501._.js:2297
[ 6629361ms] [LOG] [Fast Refresh] done in 289ms @ http://localhost:3001/_next/static/chunks/e3799_next_dist_b9c56501._.js:2297
[ 6906208ms] [LOG] [HMR] connected @ http://localhost:3001/_next/static/chunks/e3799_next_dist_b9c56501._.js:2297
[ 6946812ms] [LOG] [Fast Refresh] rebuilding @ http://localhost:3001/_next/static/chunks/e3799_next_dist_b9c56501._.js:2297
[ 6947215ms] [LOG] [Fast Refresh] done in 503ms @ http://localhost:3001/_next/static/chunks/e3799_next_dist_b9c56501._.js:2297
[ 6947315ms] [LOG] [Fast Refresh] rebuilding @ http://localhost:3001/_next/static/chunks/e3799_next_dist_b9c56501._.js:2297
[ 6947676ms] [LOG] [Fast Refresh] done in 461ms @ http://localhost:3001/_next/static/chunks/e3799_next_dist_b9c56501._.js:2297
[ 6947777ms] [LOG] [Fast Refresh] rebuilding @ http://localhost:3001/_next/static/chunks/e3799_next_dist_b9c56501._.js:2297
[ 6948218ms] [LOG] [Fast Refresh] done in 542ms @ http://localhost:3001/_next/static/chunks/e3799_next_dist_b9c56501._.js:2297
[ 6948537ms] [LOG] [Fast Refresh] rebuilding @ http://localhost:3001/_next/static/chunks/e3799_next_dist_b9c56501._.js:2297
[ 6948900ms] [LOG] [Fast Refresh] done in 464ms @ http://localhost:3001/_next/static/chunks/e3799_next_dist_b9c56501._.js:2297
[ 6949053ms] [LOG] [Fast Refresh] rebuilding @ http://localhost:3001/_next/static/chunks/e3799_next_dist_b9c56501._.js:2297
[ 6949534ms] [LOG] [Fast Refresh] done in 582ms @ http://localhost:3001/_next/static/chunks/e3799_next_dist_b9c56501._.js:2297
[ 6949936ms] [LOG] [Fast Refresh] rebuilding @ http://localhost:3001/_next/static/chunks/e3799_next_dist_b9c56501._.js:2297
[ 6950313ms] [LOG] [Fast Refresh] done in 478ms @ http://localhost:3001/_next/static/chunks/e3799_next_dist_b9c56501._.js:2297
[ 6950652ms] [LOG] [Fast Refresh] rebuilding @ http://localhost:3001/_next/static/chunks/e3799_next_dist_b9c56501._.js:2297
[ 6951121ms] [LOG] [Fast Refresh] done in 570ms @ http://localhost:3001/_next/static/chunks/e3799_next_dist_b9c56501._.js:2297
[ 6951222ms] [LOG] [Fast Refresh] rebuilding @ http://localhost:3001/_next/static/chunks/e3799_next_dist_b9c56501._.js:2297
[ 6951279ms] [LOG] [Fast Refresh] done in 158ms @ http://localhost:3001/_next/static/chunks/e3799_next_dist_b9c56501._.js:2297
[ 6951381ms] [LOG] [Fast Refresh] rebuilding @ http://localhost:3001/_next/static/chunks/e3799_next_dist_b9c56501._.js:2297
[ 6951396ms] [LOG] [Fast Refresh] done in 117ms @ http://localhost:3001/_next/static/chunks/e3799_next_dist_b9c56501._.js:2297
[ 6951498ms] [LOG] [Fast Refresh] rebuilding @ http://localhost:3001/_next/static/chunks/e3799_next_dist_b9c56501._.js:2297
[ 6952584ms] [LOG] [Fast Refresh] done in 1188ms @ http://localhost:3001/_next/static/chunks/e3799_next_dist_b9c56501._.js:2297
[ 6953158ms] [LOG] [Fast Refresh] rebuilding @ http://localhost:3001/_next/static/chunks/e3799_next_dist_b9c56501._.js:2297
[ 6953574ms] [LOG] [Fast Refresh] done in 517ms @ http://localhost:3001/_next/static/chunks/e3799_next_dist_b9c56501._.js:2297
[ 6953675ms] [LOG] [Fast Refresh] rebuilding @ http://localhost:3001/_next/static/chunks/e3799_next_dist_b9c56501._.js:2297
[ 6954252ms] [LOG] [Fast Refresh] done in 679ms @ http://localhost:3001/_next/static/chunks/e3799_next_dist_b9c56501._.js:2297
[ 6954353ms] [LOG] [Fast Refresh] rebuilding @ http://localhost:3001/_next/static/chunks/e3799_next_dist_b9c56501._.js:2297
[ 6955404ms] [LOG] [Fast Refresh] done in 1152ms @ http://localhost:3001/_next/static/chunks/e3799_next_dist_b9c56501._.js:2297
[ 6955506ms] [LOG] [Fast Refresh] rebuilding @ http://localhost:3001/_next/static/chunks/e3799_next_dist_b9c56501._.js:2297
[ 6956057ms] [LOG] [Fast Refresh] done in 652ms @ http://localhost:3001/_next/static/chunks/e3799_next_dist_b9c56501._.js:2297
[ 6956159ms] [LOG] [Fast Refresh] rebuilding @ http://localhost:3001/_next/static/chunks/e3799_next_dist_b9c56501._.js:2297
[ 6956515ms] [LOG] [Fast Refresh] done in 459ms @ http://localhost:3001/_next/static/chunks/e3799_next_dist_b9c56501._.js:2297
[ 6956617ms] [LOG] [Fast Refresh] rebuilding @ http://localhost:3001/_next/static/chunks/e3799_next_dist_b9c56501._.js:2297
[ 6957581ms] [LOG] [Fast Refresh] done in 1065ms @ http://localhost:3001/_next/static/chunks/e3799_next_dist_b9c56501._.js:2297
[ 6957681ms] [LOG] [Fast Refresh] rebuilding @ http://localhost:3001/_next/static/chunks/e3799_next_dist_b9c56501._.js:2297
[ 6958292ms] [LOG] [Fast Refresh] done in 711ms @ http://localhost:3001/_next/static/chunks/e3799_next_dist_b9c56501._.js:2297
[ 6958394ms] [LOG] [Fast Refresh] rebuilding @ http://localhost:3001/_next/static/chunks/e3799_next_dist_b9c56501._.js:2297
[ 6958927ms] [LOG] [Fast Refresh] done in 635ms @ http://localhost:3001/_next/static/chunks/e3799_next_dist_b9c56501._.js:2297
[ 6959027ms] [LOG] [Fast Refresh] rebuilding @ http://localhost:3001/_next/static/chunks/e3799_next_dist_b9c56501._.js:2297
[ 6959815ms] [LOG] [Fast Refresh] done in 888ms @ http://localhost:3001/_next/static/chunks/e3799_next_dist_b9c56501._.js:2297
[ 6959916ms] [LOG] [Fast Refresh] rebuilding @ http://localhost:3001/_next/static/chunks/e3799_next_dist_b9c56501._.js:2297
[ 6960828ms] [LOG] [Fast Refresh] done in 1013ms @ http://localhost:3001/_next/static/chunks/e3799_next_dist_b9c56501._.js:2297
[ 6960929ms] [LOG] [Fast Refresh] rebuilding @ http://localhost:3001/_next/static/chunks/e3799_next_dist_b9c56501._.js:2297
[ 6961331ms] [LOG] [Fast Refresh] done in 503ms @ http://localhost:3001/_next/static/chunks/e3799_next_dist_b9c56501._.js:2297
[ 6961433ms] [LOG] [Fast Refresh] rebuilding @ http://localhost:3001/_next/static/chunks/e3799_next_dist_b9c56501._.js:2297
[ 6961440ms] [LOG] [Fast Refresh] done in 109ms @ http://localhost:3001/_next/static/chunks/e3799_next_dist_b9c56501._.js:2297
[ 6961777ms] [LOG] [Fast Refresh] rebuilding @ http://localhost:3001/_next/static/chunks/e3799_next_dist_b9c56501._.js:2297
[ 6961854ms] [LOG] [Fast Refresh] done in 178ms @ http://localhost:3001/_next/static/chunks/e3799_next_dist_b9c56501._.js:2297
[ 6962134ms] [LOG] [Fast Refresh] rebuilding @ http://localhost:3001/_next/static/chunks/e3799_next_dist_b9c56501._.js:2297
[ 7781086ms] [LOG] [Fast Refresh] done in 819052ms @ http://localhost:3001/_next/static/chunks/e3799_next_dist_b9c56501._.js:2297
[ 9604413ms] [LOG] [Fast Refresh] rebuilding @ http://localhost:3001/_next/static/chunks/e3799_next_dist_b9c56501._.js:2297
[ 9604657ms] [LOG] [Fast Refresh] done in 344ms @ http://localhost:3001/_next/static/chunks/e3799_next_dist_b9c56501._.js:2297
[10057087ms] [LOG] [Fast Refresh] rebuilding @ http://localhost:3001/_next/static/chunks/e3799_next_dist_b9c56501._.js:2297
[10057354ms] [LOG] [Fast Refresh] done in 369ms @ http://localhost:3001/_next/static/chunks/e3799_next_dist_b9c56501._.js:2297
[10661584ms] [LOG] [Fast Refresh] rebuilding @ http://localhost:3001/_next/static/chunks/e3799_next_dist_b9c56501._.js:2297
[10661773ms] [LOG] [Fast Refresh] done in 290ms @ http://localhost:3001/_next/static/chunks/e3799_next_dist_b9c56501._.js:2297
[11714986ms] [LOG] [Fast Refresh] rebuilding @ http://localhost:3001/_next/static/chunks/e3799_next_dist_b9c56501._.js:2297
[11715373ms] [LOG] [Fast Refresh] done in 487ms @ http://localhost:3001/_next/static/chunks/e3799_next_dist_b9c56501._.js:2297
[11768703ms] [LOG] [Fast Refresh] rebuilding @ http://localhost:3001/_next/static/chunks/e3799_next_dist_b9c56501._.js:2297
[11769071ms] [LOG] [Fast Refresh] done in 469ms @ http://localhost:3001/_next/static/chunks/e3799_next_dist_b9c56501._.js:2297
[11772416ms] [LOG] [Fast Refresh] rebuilding @ http://localhost:3001/_next/static/chunks/e3799_next_dist_b9c56501._.js:2297
[11772780ms] [LOG] [Fast Refresh] done in 466ms @ http://localhost:3001/_next/static/chunks/e3799_next_dist_b9c56501._.js:2297
[11772882ms] [LOG] [Fast Refresh] rebuilding @ http://localhost:3001/_next/static/chunks/e3799_next_dist_b9c56501._.js:2297
[11773662ms] [LOG] [Fast Refresh] done in 882ms @ http://localhost:3001/_next/static/chunks/e3799_next_dist_b9c56501._.js:2297
[12293736ms] [LOG] [Fast Refresh] rebuilding @ http://localhost:3001/_next/static/chunks/e3799_next_dist_b9c56501._.js:2297
[12294105ms] [LOG] [Fast Refresh] done in 470ms @ http://localhost:3001/_next/static/chunks/e3799_next_dist_b9c56501._.js:2297
[13316227ms] [LOG] [Fast Refresh] rebuilding @ http://localhost:3001/_next/static/chunks/e3799_next_dist_b9c56501._.js:2297
[13316591ms] [LOG] [Fast Refresh] done in 464ms @ http://localhost:3001/_next/static/chunks/e3799_next_dist_b9c56501._.js:2297
[13316693ms] [LOG] [Fast Refresh] rebuilding @ http://localhost:3001/_next/static/chunks/e3799_next_dist_b9c56501._.js:2297
[13316905ms] [LOG] [Fast Refresh] done in 315ms @ http://localhost:3001/_next/static/chunks/e3799_next_dist_b9c56501._.js:2297
[13535146ms] [LOG] [Fast Refresh] rebuilding @ http://localhost:3001/_next/static/chunks/e3799_next_dist_b9c56501._.js:2297
[13535471ms] [LOG] [Fast Refresh] done in 426ms @ http://localhost:3001/_next/static/chunks/e3799_next_dist_b9c56501._.js:2297
[13535571ms] [LOG] [Fast Refresh] rebuilding @ http://localhost:3001/_next/static/chunks/e3799_next_dist_b9c56501._.js:2297
[13535818ms] [LOG] [Fast Refresh] done in 348ms @ http://localhost:3001/_next/static/chunks/e3799_next_dist_b9c56501._.js:2297
[13948282ms] [LOG] [Fast Refresh] rebuilding @ http://localhost:3001/_next/static/chunks/e3799_next_dist_b9c56501._.js:2297
[13948582ms] [LOG] [Fast Refresh] done in 401ms @ http://localhost:3001/_next/static/chunks/e3799_next_dist_b9c56501._.js:2297
[14020024ms] [LOG] [Fast Refresh] rebuilding @ http://localhost:3001/_next/static/chunks/e3799_next_dist_b9c56501._.js:2297
[14020190ms] [LOG] [Fast Refresh] done in 267ms @ http://localhost:3001/_next/static/chunks/e3799_next_dist_b9c56501._.js:2297
[14675973ms] [LOG] [Fast Refresh] rebuilding @ http://localhost:3001/_next/static/chunks/e3799_next_dist_b9c56501._.js:2297
[14676346ms] [LOG] [Fast Refresh] done in 473ms @ http://localhost:3001/_next/static/chunks/e3799_next_dist_b9c56501._.js:2297
[14676447ms] [LOG] [Fast Refresh] rebuilding @ http://localhost:3001/_next/static/chunks/e3799_next_dist_b9c56501._.js:2297
[14676470ms] [LOG] [Fast Refresh] done in 123ms @ http://localhost:3001/_next/static/chunks/e3799_next_dist_b9c56501._.js:2297
[14676571ms] [LOG] [Fast Refresh] rebuilding @ http://localhost:3001/_next/static/chunks/e3799_next_dist_b9c56501._.js:2297
[14676605ms] [LOG] [Fast Refresh] done in 134ms @ http://localhost:3001/_next/static/chunks/e3799_next_dist_b9c56501._.js:2297
[14676705ms] [LOG] [Fast Refresh] rebuilding @ http://localhost:3001/_next/static/chunks/e3799_next_dist_b9c56501._.js:2297
[14676775ms] [LOG] [Fast Refresh] done in 170ms @ http://localhost:3001/_next/static/chunks/e3799_next_dist_b9c56501._.js:2297
[14685875ms] [LOG] [Fast Refresh] rebuilding @ http://localhost:3001/_next/static/chunks/e3799_next_dist_b9c56501._.js:2297
[14689262ms] [LOG] [Fast Refresh] done in 3489ms @ http://localhost:3001/_next/static/chunks/e3799_next_dist_b9c56501._.js:2297
[14855901ms] [LOG] [Fast Refresh] rebuilding @ http://localhost:3001/_next/static/chunks/e3799_next_dist_b9c56501._.js:2297
[14856226ms] [LOG] [Fast Refresh] done in 427ms @ http://localhost:3001/_next/static/chunks/e3799_next_dist_b9c56501._.js:2297
[14856327ms] [LOG] [Fast Refresh] rebuilding @ http://localhost:3001/_next/static/chunks/e3799_next_dist_b9c56501._.js:2297
[14856707ms] [LOG] [Fast Refresh] done in 480ms @ http://localhost:3001/_next/static/chunks/e3799_next_dist_b9c56501._.js:2297
[14972375ms] [LOG] [Fast Refresh] rebuilding @ http://localhost:3001/_next/static/chunks/e3799_next_dist_b9c56501._.js:2297
[14972539ms] [LOG] [Fast Refresh] done in 264ms @ http://localhost:3001/_next/static/chunks/e3799_next_dist_b9c56501._.js:2297
[15063059ms] [LOG] [Fast Refresh] rebuilding @ http://localhost:3001/_next/static/chunks/e3799_next_dist_b9c56501._.js:2297
[15063420ms] [LOG] [Fast Refresh] done in 462ms @ http://localhost:3001/_next/static/chunks/e3799_next_dist_b9c56501._.js:2297
[15168265ms] [LOG] [Fast Refresh] rebuilding @ http://localhost:3001/_next/static/chunks/e3799_next_dist_b9c56501._.js:2297
[15168557ms] [LOG] [Fast Refresh] done in 394ms @ http://localhost:3001/_next/static/chunks/e3799_next_dist_b9c56501._.js:2297
[15236714ms] [LOG] [Fast Refresh] rebuilding @ http://localhost:3001/_next/static/chunks/e3799_next_dist_b9c56501._.js:2297
[15237301ms] [LOG] [Fast Refresh] done in 690ms @ http://localhost:3001/_next/static/chunks/e3799_next_dist_b9c56501._.js:2297
[15258199ms] [LOG] [Fast Refresh] rebuilding @ http://localhost:3001/_next/static/chunks/e3799_next_dist_b9c56501._.js:2297
[15258578ms] [LOG] [Fast Refresh] done in 480ms @ http://localhost:3001/_next/static/chunks/e3799_next_dist_b9c56501._.js:2297
[15376955ms] [LOG] [Fast Refresh] rebuilding @ http://localhost:3001/_next/static/chunks/e3799_next_dist_b9c56501._.js:2297
[15377380ms] [LOG] [Fast Refresh] done in 526ms @ http://localhost:3001/_next/static/chunks/e3799_next_dist_b9c56501._.js:2297
[15377481ms] [LOG] [Fast Refresh] rebuilding @ http://localhost:3001/_next/static/chunks/e3799_next_dist_b9c56501._.js:2297
[15377570ms] [LOG] [Fast Refresh] done in 189ms @ http://localhost:3001/_next/static/chunks/e3799_next_dist_b9c56501._.js:2297
[15377671ms] [LOG] [Fast Refresh] rebuilding @ http://localhost:3001/_next/static/chunks/e3799_next_dist_b9c56501._.js:2297
[15377902ms] [LOG] [Fast Refresh] done in 332ms @ http://localhost:3001/_next/static/chunks/e3799_next_dist_b9c56501._.js:2297
[15378003ms] [LOG] [Fast Refresh] rebuilding @ http://localhost:3001/_next/static/chunks/e3799_next_dist_b9c56501._.js:2297
[15378375ms] [LOG] [Fast Refresh] done in 473ms @ http://localhost:3001/_next/static/chunks/e3799_next_dist_b9c56501._.js:2297
[15378476ms] [LOG] [Fast Refresh] rebuilding @ http://localhost:3001/_next/static/chunks/e3799_next_dist_b9c56501._.js:2297
[15378563ms] [LOG] [Fast Refresh] done in 187ms @ http://localhost:3001/_next/static/chunks/e3799_next_dist_b9c56501._.js:2297
[15378664ms] [LOG] [Fast Refresh] rebuilding @ http://localhost:3001/_next/static/chunks/e3799_next_dist_b9c56501._.js:2297
[15378731ms] [LOG] [Fast Refresh] done in 168ms @ http://localhost:3001/_next/static/chunks/e3799_next_dist_b9c56501._.js:2297
[15378834ms] [LOG] [Fast Refresh] rebuilding @ http://localhost:3001/_next/static/chunks/e3799_next_dist_b9c56501._.js:2297
[15378955ms] [LOG] [Fast Refresh] done in 222ms @ http://localhost:3001/_next/static/chunks/e3799_next_dist_b9c56501._.js:2297
[15379056ms] [LOG] [Fast Refresh] rebuilding @ http://localhost:3001/_next/static/chunks/e3799_next_dist_b9c56501._.js:2297
[15379449ms] [LOG] [Fast Refresh] done in 493ms @ http://localhost:3001/_next/static/chunks/e3799_next_dist_b9c56501._.js:2297
[15379550ms] [LOG] [Fast Refresh] rebuilding @ http://localhost:3001/_next/static/chunks/e3799_next_dist_b9c56501._.js:2297
[15379947ms] [LOG] [Fast Refresh] done in 497ms @ http://localhost:3001/_next/static/chunks/e3799_next_dist_b9c56501._.js:2297
[15380048ms] [LOG] [Fast Refresh] rebuilding @ http://localhost:3001/_next/static/chunks/e3799_next_dist_b9c56501._.js:2297
[15380298ms] [LOG] [Fast Refresh] done in 352ms @ http://localhost:3001/_next/static/chunks/e3799_next_dist_b9c56501._.js:2297
[15380400ms] [LOG] [Fast Refresh] rebuilding @ http://localhost:3001/_next/static/chunks/e3799_next_dist_b9c56501._.js:2297
[15380666ms] [LOG] [Fast Refresh] done in 367ms @ http://localhost:3001/_next/static/chunks/e3799_next_dist_b9c56501._.js:2297
[15380767ms] [LOG] [Fast Refresh] rebuilding @ http://localhost:3001/_next/static/chunks/e3799_next_dist_b9c56501._.js:2297
[15381266ms] [LOG] [Fast Refresh] done in 599ms @ http://localhost:3001/_next/static/chunks/e3799_next_dist_b9c56501._.js:2297
[15381367ms] [LOG] [Fast Refresh] rebuilding @ http://localhost:3001/_next/static/chunks/e3799_next_dist_b9c56501._.js:2297
[15381726ms] [LOG] [Fast Refresh] done in 459ms @ http://localhost:3001/_next/static/chunks/e3799_next_dist_b9c56501._.js:2297
[15381828ms] [LOG] [Fast Refresh] rebuilding @ http://localhost:3001/_next/static/chunks/e3799_next_dist_b9c56501._.js:2297
[15381999ms] [LOG] [Fast Refresh] done in 272ms @ http://localhost:3001/_next/static/chunks/e3799_next_dist_b9c56501._.js:2297
[15382100ms] [LOG] [Fast Refresh] rebuilding @ http://localhost:3001/_next/static/chunks/e3799_next_dist_b9c56501._.js:2297
[15382218ms] [LOG] [Fast Refresh] done in 218ms @ http://localhost:3001/_next/static/chunks/e3799_next_dist_b9c56501._.js:2297
[15382319ms] [LOG] [Fast Refresh] rebuilding @ http://localhost:3001/_next/static/chunks/e3799_next_dist_b9c56501._.js:2297
[15382481ms] [LOG] [Fast Refresh] done in 263ms @ http://localhost:3001/_next/static/chunks/e3799_next_dist_b9c56501._.js:2297
[15382582ms] [LOG] [Fast Refresh] rebuilding @ http://localhost:3001/_next/static/chunks/e3799_next_dist_b9c56501._.js:2297
[15383215ms] [LOG] [Fast Refresh] done in 733ms @ http://localhost:3001/_next/static/chunks/e3799_next_dist_b9c56501._.js:2297
[15383316ms] [LOG] [Fast Refresh] rebuilding @ http://localhost:3001/_next/static/chunks/e3799_next_dist_b9c56501._.js:2297
[15383423ms] [LOG] [Fast Refresh] done in 208ms @ http://localhost:3001/_next/static/chunks/e3799_next_dist_b9c56501._.js:2297
[15383524ms] [LOG] [Fast Refresh] rebuilding @ http://localhost:3001/_next/static/chunks/e3799_next_dist_b9c56501._.js:2297
[15383591ms] [LOG] [Fast Refresh] done in 167ms @ http://localhost:3001/_next/static/chunks/e3799_next_dist_b9c56501._.js:2297
[15383692ms] [LOG] [Fast Refresh] rebuilding @ http://localhost:3001/_next/static/chunks/e3799_next_dist_b9c56501._.js:2297
[15384047ms] [LOG] [Fast Refresh] done in 456ms @ http://localhost:3001/_next/static/chunks/e3799_next_dist_b9c56501._.js:2297
[15694574ms] [LOG] [Fast Refresh] rebuilding @ http://localhost:3001/_next/static/chunks/e3799_next_dist_b9c56501._.js:2297
[15694853ms] [LOG] [Fast Refresh] done in 380ms @ http://localhost:3001/_next/static/chunks/e3799_next_dist_b9c56501._.js:2297
[15694955ms] [LOG] [Fast Refresh] rebuilding @ http://localhost:3001/_next/static/chunks/e3799_next_dist_b9c56501._.js:2297
[15695158ms] [LOG] [Fast Refresh] done in 304ms @ http://localhost:3001/_next/static/chunks/e3799_next_dist_b9c56501._.js:2297
[16266224ms] [LOG] [Fast Refresh] rebuilding @ http://localhost:3001/_next/static/chunks/e3799_next_dist_b9c56501._.js:2297
[16266655ms] [LOG] [Fast Refresh] done in 530ms @ http://localhost:3001/_next/static/chunks/e3799_next_dist_b9c56501._.js:2297
[16378483ms] [LOG] [Fast Refresh] rebuilding @ http://localhost:3001/_next/static/chunks/e3799_next_dist_b9c56501._.js:2297
[16378755ms] [LOG] [Fast Refresh] done in 374ms @ http://localhost:3001/_next/static/chunks/e3799_next_dist_b9c56501._.js:2297
[16410020ms] [LOG] [Fast Refresh] rebuilding @ http://localhost:3001/_next/static/chunks/e3799_next_dist_b9c56501._.js:2297
[16410252ms] [LOG] [Fast Refresh] done in 332ms @ http://localhost:3001/_next/static/chunks/e3799_next_dist_b9c56501._.js:2297
