[     124ms] [LOG] [Fast Refresh] rebuilding @ http://localhost:5181/_next/static/chunks/e3799_next_dist_b9c56501._.js:2297
[    1152ms] [LOG] [Fast Refresh] done in 1128ms @ http://localhost:5181/_next/static/chunks/e3799_next_dist_b9c56501._.js:2297
[    1254ms] [LOG] [Fast Refresh] rebuilding @ http://localhost:5181/_next/static/chunks/e3799_next_dist_b9c56501._.js:2297
[    1266ms] [LOG] [Fast Refresh] done in 113ms @ http://localhost:5181/_next/static/chunks/e3799_next_dist_b9c56501._.js:2297
[    1353ms] [INFO] %cDownload the React DevTools for a better development experience: https://react.dev/link/react-devtools font-weight:bold @ http://localhost:5181/_next/static/chunks/e3799_next_dist_b9c56501._.js:2297
[    1375ms] [LOG] [HMR] connected @ http://localhost:5181/_next/static/chunks/e3799_next_dist_b9c56501._.js:2297
[   11887ms] [ERROR] WebSocket connection to 'ws://localhost:5181/_next/webpack-hmr?id=jjmrnugJLBBaDerKiBbyh' failed: Error in connection establishment: net::ERR_CONNECTION_REFUSED @ http://localhost:5181/_next/static/chunks/e3799_next_dist_client_38eeeae4._.js:10878
[   12889ms] [ERROR] WebSocket connection to 'ws://localhost:5181/_next/webpack-hmr?id=jjmrnugJLBBaDerKiBbyh' failed: Error in connection establishment: net::ERR_CONNECTION_REFUSED @ http://localhost:5181/_next/static/chunks/e3799_next_dist_client_38eeeae4._.js:10878
[   13892ms] [ERROR] WebSocket connection to 'ws://localhost:5181/_next/webpack-hmr?id=jjmrnugJLBBaDerKiBbyh' failed: Error in connection establishment: net::ERR_CONNECTION_REFUSED @ http://localhost:5181/_next/static/chunks/e3799_next_dist_client_38eeeae4._.js:10878
[   14895ms] [ERROR] WebSocket connection to 'ws://localhost:5181/_next/webpack-hmr?id=jjmrnugJLBBaDerKiBbyh' failed: Error in connection establishment: net::ERR_CONNECTION_REFUSED @ http://localhost:5181/_next/static/chunks/e3799_next_dist_client_38eeeae4._.js:10878
[   15896ms] [ERROR] WebSocket connection to 'ws://localhost:5181/_next/webpack-hmr?id=jjmrnugJLBBaDerKiBbyh' failed: Error in connection establishment: net::ERR_CONNECTION_REFUSED @ http://localhost:5181/_next/static/chunks/e3799_next_dist_client_38eeeae4._.js:10878
[   20898ms] [ERROR] WebSocket connection to 'ws://localhost:5181/_next/webpack-hmr?id=jjmrnugJLBBaDerKiBbyh' failed: Error in connection establishment: net::ERR_CONNECTION_REFUSED @ http://localhost:5181/_next/static/chunks/e3799_next_dist_client_38eeeae4._.js:10878
[   21528ms] [VERBOSE] [DOM] Password field is not contained in a form: (More info: https://goo.gl/9p2vKq) %o @ http://localhost:5181/auth/register:0
[   21528ms] [VERBOSE] [DOM] Password field is not contained in a form: (More info: https://goo.gl/9p2vKq) %o @ http://localhost:5181/auth/register:0
[   25900ms] [ERROR] WebSocket connection to 'ws://localhost:5181/_next/webpack-hmr?id=jjmrnugJLBBaDerKiBbyh' failed: Error in connection establishment: net::ERR_CONNECTION_REFUSED @ http://localhost:5181/_next/static/chunks/e3799_next_dist_client_38eeeae4._.js:10878
[   30902ms] [ERROR] WebSocket connection to 'ws://localhost:5181/_next/webpack-hmr?id=jjmrnugJLBBaDerKiBbyh' failed: Error in connection establishment: net::ERR_CONNECTION_REFUSED @ http://localhost:5181/_next/static/chunks/e3799_next_dist_client_38eeeae4._.js:10878
[   35903ms] [ERROR] WebSocket connection to 'ws://localhost:5181/_next/webpack-hmr?id=jjmrnugJLBBaDerKiBbyh' failed: Error in connection establishment: net::ERR_CONNECTION_REFUSED @ http://localhost:5181/_next/static/chunks/e3799_next_dist_client_38eeeae4._.js:10878
[   40905ms] [ERROR] WebSocket connection to 'ws://localhost:5181/_next/webpack-hmr?id=jjmrnugJLBBaDerKiBbyh' failed: Error in connection establishment: net::ERR_CONNECTION_REFUSED @ http://localhost:5181/_next/static/chunks/e3799_next_dist_client_38eeeae4._.js:10878
[   45908ms] [ERROR] WebSocket connection to 'ws://localhost:5181/_next/webpack-hmr?id=jjmrnugJLBBaDerKiBbyh' failed: Error in connection establishment: net::ERR_CONNECTION_REFUSED @ http://localhost:5181/_next/static/chunks/e3799_next_dist_client_38eeeae4._.js:10878
[   50915ms] [ERROR] WebSocket connection to 'ws://localhost:5181/_next/webpack-hmr?id=jjmrnugJLBBaDerKiBbyh' failed: Error in connection establishment: net::ERR_CONNECTION_REFUSED @ http://localhost:5181/_next/static/chunks/e3799_next_dist_client_38eeeae4._.js:10878
